2017-Jul-31 15:02:37.926295 INFO [daemon] lilycoin v1.1.1.1(0.1-g8edd99830)
2017-Jul-31 15:02:37.927328 INFO [daemon] Module folder: ./lilycoind
2017-Jul-31 15:02:37.930026 INFO [daemon] Initializing p2p server...
2017-Jul-31 15:02:37.930869 INFO [node_server] Binding on 0.0.0.0:17236
2017-Jul-31 15:02:37.931022 INFO [node_server] Net service binded on 0.0.0.0:17236
2017-Jul-31 15:02:37.931136 INFO [node_server] Attempting to add IGD port mapping.
2017-Jul-31 15:02:41.936012 INFO [node_server] No IGD was found.
2017-Jul-31 15:02:41.936554 INFO [daemon] P2p server initialized OK
2017-Jul-31 15:02:41.936663 INFO [daemon] Initializing core...
2017-Jul-31 15:02:41.937169 INFO [Blockchain] Blockchain not loaded, generating genesis block.
2017-Jul-31 15:02:42.027860 INFO [Blockchain] Blockchain initialized. last block: 0, d1853.h3.m2.s42 time ago, current difficulty: 1
2017-Jul-31 15:02:42.027973 INFO [daemon] Core initialized OK
2017-Jul-31 15:02:42.028108 INFO [daemon] Starting core rpc server on address 127.0.0.1:18236
2017-Jul-31 15:02:42.028245 INFO [daemon] Core rpc server started ok
2017-Jul-31 15:02:42.028319 INFO [daemon] Starting p2p net loop...
2017-Jul-31 15:02:42.028390 INFO [node_server] Starting node_server
2017-Jul-31 15:02:42.517852 ERROR [node_server] Failed to connect to any of seed peers, continuing without seeds
2017-Jul-31 15:02:42.518176 INFO [core] 
2017-Jul-31 15:02:42.518176 INFO [core] **********************************************************************
2017-Jul-31 15:02:42.518176 INFO [core] The daemon will start synchronizing with the network. It may take up to several hours.
2017-Jul-31 15:02:42.518176 INFO [core] 
2017-Jul-31 15:02:42.518176 INFO [core] You can set the level of process detailization* through "set_log <level>" command*, where <level> is between 0 (no details) and 4 (very verbose).
2017-Jul-31 15:02:42.518176 INFO [core] 
2017-Jul-31 15:02:42.518176 INFO [core] Use "help" command to see the list of available commands.
2017-Jul-31 15:02:42.518176 INFO [core] 
2017-Jul-31 15:02:42.518176 INFO [core] Note: in case you need to interrupt the process, use "exit" command. Otherwise, the current progress won't be saved.
2017-Jul-31 15:02:42.518176 INFO [core] **********************************************************************
2017-Jul-31 15:02:44.924187 ERROR [node_server] Failed to connect to any of seed peers, continuing without seeds
2017-Jul-31 15:02:47.756708 ERROR [node_server] Failed to connect to any of seed peers, continuing without seeds
2017-Jul-31 15:02:47.836920 INFO [node_server] Stop signal sent
2017-Jul-31 15:02:47.837169 INFO [node_server] Stopping NodeServer and it's0 connections...
2017-Jul-31 15:02:47.837512 INFO [node_server] NodeServer loop stopped
2017-Jul-31 15:02:47.837631 INFO [daemon] p2p net loop stopped
2017-Jul-31 15:02:47.837772 INFO [daemon] Stopping core rpc server...
2017-Jul-31 15:02:47.837986 INFO [daemon] Deinitializing core...
2017-Jul-31 15:02:47.838136 INFO [miner] Mining has been stopped, 0 finished
2017-Jul-31 15:02:47.838444 INFO [Blockchain] Saving blockchain...
2017-Jul-31 15:02:47.838642 INFO [BlockCacheSerializer] - saving block index...
2017-Jul-31 15:02:47.838797 INFO [BlockCacheSerializer] - saving transaction map...
2017-Jul-31 15:02:47.838957 INFO [BlockCacheSerializer] - saving spent keys...
2017-Jul-31 15:02:47.839115 INFO [BlockCacheSerializer] - saving outputs...
2017-Jul-31 15:02:47.839268 INFO [BlockCacheSerializer] - saving multi-signature outputs...
2017-Jul-31 15:02:47.839423 INFO [BlockCacheSerializer] Serialization time: 0ms
2017-Jul-31 15:02:47.839616 INFO [Blockchain] Saving blockchain indices...
2017-Jul-31 15:02:47.839809 INFO [BlockchainIndicesSerializer] - saving paymentID index...
2017-Jul-31 15:02:47.839959 INFO [BlockchainIndicesSerializer] - saving timestamp index...
2017-Jul-31 15:02:47.840121 INFO [BlockchainIndicesSerializer] - saving generated transactions index...
2017-Jul-31 15:02:47.840317 INFO [daemon] Deinitializing p2p...
2017-Jul-31 15:02:47.840662 INFO [miner] Mining has been stopped, 0 finished
2017-Jul-31 15:02:47.841261 INFO [daemon] Node stopped.
2017-Jul-31 15:04:00.301589 INFO [daemon] lilycoin v1.1.1.1(0.1-g8edd99830)
2017-Jul-31 15:04:00.302086 INFO [daemon] Module folder: ./lilycoind
2017-Jul-31 15:04:00.302956 INFO [daemon] Initializing p2p server...
2017-Jul-31 15:04:00.303240 INFO [node_server] Binding on 0.0.0.0:17236
2017-Jul-31 15:04:00.303458 INFO [node_server] Net service binded on 0.0.0.0:17236
2017-Jul-31 15:04:00.303613 INFO [node_server] Attempting to add IGD port mapping.
2017-Jul-31 15:04:04.308486 INFO [node_server] No IGD was found.
2017-Jul-31 15:04:04.308980 INFO [daemon] P2p server initialized OK
2017-Jul-31 15:04:04.309094 INFO [daemon] Initializing core...
2017-Jul-31 15:04:04.309471 INFO [Blockchain] Loading blockchain...
2017-Jul-31 15:04:04.309858 INFO [BlockCacheSerializer] - loading block index...
2017-Jul-31 15:04:04.310000 INFO [BlockCacheSerializer] - loading transaction map...
2017-Jul-31 15:04:04.310113 INFO [BlockCacheSerializer] - loading spent keys...
2017-Jul-31 15:04:04.310216 INFO [BlockCacheSerializer] - loading outputs...
2017-Jul-31 15:04:04.310341 INFO [BlockCacheSerializer] - loading multi-signature outputs...
2017-Jul-31 15:04:04.310435 INFO [BlockCacheSerializer] Serialization time: 0ms
2017-Jul-31 15:04:04.310565 INFO [Blockchain] Loading blockchain indices for BlockchainExplorer...
2017-Jul-31 15:04:04.310777 INFO [BlockchainIndicesSerializer] - loading paymentID index...
2017-Jul-31 15:04:04.310899 INFO [BlockchainIndicesSerializer] - loading timestamp index...
2017-Jul-31 15:04:04.310990 INFO [BlockchainIndicesSerializer] - loading generated transactions index...
2017-Jul-31 15:04:04.311158 INFO [Blockchain] Blockchain initialized. last block: 0, d1853.h3.m4.s4 time ago, current difficulty: 1
2017-Jul-31 15:04:04.311276 INFO [daemon] Core initialized OK
2017-Jul-31 15:04:04.311652 INFO [daemon] Starting core rpc server on address 127.0.0.1:18236
2017-Jul-31 15:04:04.311898 INFO [daemon] Core rpc server started ok
2017-Jul-31 15:04:04.312032 INFO [daemon] Starting p2p net loop...
2017-Jul-31 15:04:04.312147 INFO [node_server] Starting node_server
2017-Jul-31 15:04:04.691106 ERROR [node_server] Failed to connect to any of seed peers, continuing without seeds
2017-Jul-31 15:04:04.691319 INFO [core] 
2017-Jul-31 15:04:04.691319 INFO [core] **********************************************************************
2017-Jul-31 15:04:04.691319 INFO [core] The daemon will start synchronizing with the network. It may take up to several hours.
2017-Jul-31 15:04:04.691319 INFO [core] 
2017-Jul-31 15:04:04.691319 INFO [core] You can set the level of process detailization* through "set_log <level>" command*, where <level> is between 0 (no details) and 4 (very verbose).
2017-Jul-31 15:04:04.691319 INFO [core] 
2017-Jul-31 15:04:04.691319 INFO [core] Use "help" command to see the list of available commands.
2017-Jul-31 15:04:04.691319 INFO [core] 
2017-Jul-31 15:04:04.691319 INFO [core] Note: in case you need to interrupt the process, use "exit" command. Otherwise, the current progress won't be saved.
2017-Jul-31 15:04:04.691319 INFO [core] **********************************************************************
2017-Jul-31 15:04:06.930488 ERROR [node_server] Failed to connect to any of seed peers, continuing without seeds
2017-Jul-31 15:04:09.315963 ERROR [node_server] Failed to connect to any of seed peers, continuing without seeds
2017-Jul-31 15:04:11.572095 ERROR [node_server] Failed to connect to any of seed peers, continuing without seeds
2017-Jul-31 15:04:12.725587 INFO [node_server] Stop signal sent
2017-Jul-31 15:04:12.726074 INFO [node_server] Stopping NodeServer and it's0 connections...
2017-Jul-31 15:04:12.728222 INFO [node_server] NodeServer loop stopped
2017-Jul-31 15:04:12.728400 INFO [daemon] p2p net loop stopped
2017-Jul-31 15:04:12.728505 INFO [daemon] Stopping core rpc server...
2017-Jul-31 15:04:12.728699 INFO [daemon] Deinitializing core...
2017-Jul-31 15:04:12.728882 INFO [miner] Mining has been stopped, 0 finished
2017-Jul-31 15:04:12.729700 INFO [Blockchain] Saving blockchain...
2017-Jul-31 15:04:12.729962 INFO [BlockCacheSerializer] - saving block index...
2017-Jul-31 15:04:12.730089 INFO [BlockCacheSerializer] - saving transaction map...
2017-Jul-31 15:04:12.730202 INFO [BlockCacheSerializer] - saving spent keys...
2017-Jul-31 15:04:12.730323 INFO [BlockCacheSerializer] - saving outputs...
2017-Jul-31 15:04:12.730423 INFO [BlockCacheSerializer] - saving multi-signature outputs...
2017-Jul-31 15:04:12.730503 INFO [BlockCacheSerializer] Serialization time: 0ms
2017-Jul-31 15:04:12.730617 INFO [Blockchain] Saving blockchain indices...
2017-Jul-31 15:04:12.730734 INFO [BlockchainIndicesSerializer] - saving paymentID index...
2017-Jul-31 15:04:12.730828 INFO [BlockchainIndicesSerializer] - saving timestamp index...
2017-Jul-31 15:04:12.730917 INFO [BlockchainIndicesSerializer] - saving generated transactions index...
2017-Jul-31 15:04:12.731042 INFO [daemon] Deinitializing p2p...
2017-Jul-31 15:04:12.731288 INFO [miner] Mining has been stopped, 0 finished
2017-Jul-31 15:04:12.731729 INFO [daemon] Node stopped.
2017-Jul-31 15:06:47.135155 INFO [daemon] lilycoin v1.1.1.1(0.1-g8edd99830)
2017-Jul-31 15:06:47.135548 INFO [daemon] Module folder: ./lilycoind
2017-Jul-31 15:06:47.136710 INFO [daemon] Initializing p2p server...
2017-Jul-31 15:06:47.137191 INFO [node_server] Binding on 0.0.0.0:17236
2017-Jul-31 15:06:47.137370 INFO [node_server] Net service binded on 0.0.0.0:17236
2017-Jul-31 15:06:47.137488 INFO [node_server] Attempting to add IGD port mapping.
2017-Jul-31 15:06:51.142305 INFO [node_server] No IGD was found.
2017-Jul-31 15:06:51.142526 INFO [daemon] P2p server initialized OK
2017-Jul-31 15:06:51.142620 INFO [daemon] Initializing core...
2017-Jul-31 15:06:51.142840 INFO [Blockchain] Loading blockchain...
2017-Jul-31 15:06:51.143245 INFO [BlockCacheSerializer] - loading block index...
2017-Jul-31 15:06:51.143346 INFO [BlockCacheSerializer] - loading transaction map...
2017-Jul-31 15:06:51.143437 INFO [BlockCacheSerializer] - loading spent keys...
2017-Jul-31 15:06:51.143509 INFO [BlockCacheSerializer] - loading outputs...
2017-Jul-31 15:06:51.143586 INFO [BlockCacheSerializer] - loading multi-signature outputs...
2017-Jul-31 15:06:51.143688 INFO [BlockCacheSerializer] Serialization time: 0ms
2017-Jul-31 15:06:51.143831 INFO [Blockchain] Loading blockchain indices for BlockchainExplorer...
2017-Jul-31 15:06:51.143952 INFO [BlockchainIndicesSerializer] - loading paymentID index...
2017-Jul-31 15:06:51.144033 INFO [BlockchainIndicesSerializer] - loading timestamp index...
2017-Jul-31 15:06:51.144103 INFO [BlockchainIndicesSerializer] - loading generated transactions index...
2017-Jul-31 15:06:51.144218 INFO [Blockchain] Blockchain initialized. last block: 0, d1853.h3.m6.s51 time ago, current difficulty: 1
2017-Jul-31 15:06:51.144354 INFO [daemon] Core initialized OK
2017-Jul-31 15:06:51.144621 INFO [daemon] Starting core rpc server on address 127.0.0.1:18236
2017-Jul-31 15:06:51.144909 INFO [daemon] Core rpc server started ok
2017-Jul-31 15:06:51.145082 INFO [daemon] Starting p2p net loop...
2017-Jul-31 15:06:51.145223 INFO [node_server] Starting node_server
2017-Jul-31 15:06:51.385939 ERROR [node_server] Failed to connect to any of seed peers, continuing without seeds
2017-Jul-31 15:06:51.386367 INFO [core] 
2017-Jul-31 15:06:51.386367 INFO [core] **********************************************************************
2017-Jul-31 15:06:51.386367 INFO [core] The daemon will start synchronizing with the network. It may take up to several hours.
2017-Jul-31 15:06:51.386367 INFO [core] 
2017-Jul-31 15:06:51.386367 INFO [core] You can set the level of process detailization* through "set_log <level>" command*, where <level> is between 0 (no details) and 4 (very verbose).
2017-Jul-31 15:06:51.386367 INFO [core] 
2017-Jul-31 15:06:51.386367 INFO [core] Use "help" command to see the list of available commands.
2017-Jul-31 15:06:51.386367 INFO [core] 
2017-Jul-31 15:06:51.386367 INFO [core] Note: in case you need to interrupt the process, use "exit" command. Otherwise, the current progress won't be saved.
2017-Jul-31 15:06:51.386367 INFO [core] **********************************************************************
2017-Jul-31 15:06:53.777523 ERROR [node_server] Failed to connect to any of seed peers, continuing without seeds
2017-Jul-31 15:06:56.185754 ERROR [node_server] Failed to connect to any of seed peers, continuing without seeds
2017-Jul-31 15:06:59.462175 INFO [node_server] Stop signal sent
2017-Jul-31 15:06:59.462490 INFO [node_server] Stopping NodeServer and it's0 connections...
2017-Jul-31 15:06:59.462898 ERROR [node_server] Failed to connect to any of seed peers, continuing without seeds
2017-Jul-31 15:06:59.955375 INFO [node_server] Stop signal sent
2017-Jul-31 15:07:00.244312 INFO [node_server] Stop signal sent
2017-Jul-31 15:07:00.463201 INFO [node_server] NodeServer loop stopped
2017-Jul-31 15:07:00.463359 INFO [daemon] p2p net loop stopped
2017-Jul-31 15:07:00.463446 INFO [daemon] Stopping core rpc server...
2017-Jul-31 15:07:00.463590 INFO [daemon] Deinitializing core...
2017-Jul-31 15:07:00.463710 INFO [miner] Mining has been stopped, 0 finished
2017-Jul-31 15:07:00.464051 INFO [Blockchain] Saving blockchain...
2017-Jul-31 15:07:00.464233 INFO [BlockCacheSerializer] - saving block index...
2017-Jul-31 15:07:00.464353 INFO [BlockCacheSerializer] - saving transaction map...
2017-Jul-31 15:07:00.464485 INFO [BlockCacheSerializer] - saving spent keys...
2017-Jul-31 15:07:00.464619 INFO [BlockCacheSerializer] - saving outputs...
2017-Jul-31 15:07:00.464746 INFO [BlockCacheSerializer] - saving multi-signature outputs...
2017-Jul-31 15:07:00.464972 INFO [BlockCacheSerializer] Serialization time: 0ms
2017-Jul-31 15:07:00.465246 INFO [Blockchain] Saving blockchain indices...
2017-Jul-31 15:07:00.465497 INFO [BlockchainIndicesSerializer] - saving paymentID index...
2017-Jul-31 15:07:00.465671 INFO [BlockchainIndicesSerializer] - saving timestamp index...
2017-Jul-31 15:07:00.465869 INFO [BlockchainIndicesSerializer] - saving generated transactions index...
2017-Jul-31 15:07:00.466223 INFO [daemon] Deinitializing p2p...
2017-Jul-31 15:07:00.466824 INFO [miner] Mining has been stopped, 0 finished
2017-Jul-31 15:07:00.467626 INFO [daemon] Node stopped.
2017-Jul-31 15:15:11.465549 INFO [daemon] lilycoin v1.1.1.1(0.1-g8edd99830)
2017-Jul-31 15:15:11.466070 INFO [daemon] Module folder: ./lilycoind
2017-Jul-31 15:15:11.467276 INFO [daemon] Initializing p2p server...
2017-Jul-31 15:15:11.467522 INFO [node_server] Binding on 0.0.0.0:17236
2017-Jul-31 15:15:11.467629 INFO [node_server] Net service binded on 0.0.0.0:17236
2017-Jul-31 15:15:11.467703 INFO [node_server] Attempting to add IGD port mapping.
2017-Jul-31 15:15:15.471729 INFO [node_server] No IGD was found.
2017-Jul-31 15:15:15.471961 INFO [daemon] P2p server initialized OK
2017-Jul-31 15:15:15.472087 INFO [daemon] Initializing core...
2017-Jul-31 15:15:15.472344 INFO [Blockchain] Loading blockchain...
2017-Jul-31 15:15:15.472618 INFO [BlockCacheSerializer] - loading block index...
2017-Jul-31 15:15:15.472790 INFO [BlockCacheSerializer] - loading transaction map...
2017-Jul-31 15:15:15.472915 INFO [BlockCacheSerializer] - loading spent keys...
2017-Jul-31 15:15:15.473032 INFO [BlockCacheSerializer] - loading outputs...
2017-Jul-31 15:15:15.473159 INFO [BlockCacheSerializer] - loading multi-signature outputs...
2017-Jul-31 15:15:15.473275 INFO [BlockCacheSerializer] Serialization time: 0ms
2017-Jul-31 15:15:15.473402 INFO [Blockchain] Loading blockchain indices for BlockchainExplorer...
2017-Jul-31 15:15:15.473581 INFO [BlockchainIndicesSerializer] - loading paymentID index...
2017-Jul-31 15:15:15.473714 INFO [BlockchainIndicesSerializer] - loading timestamp index...
2017-Jul-31 15:15:15.473830 INFO [BlockchainIndicesSerializer] - loading generated transactions index...
2017-Jul-31 15:15:15.473987 INFO [Blockchain] Blockchain initialized. last block: 0, d1853.h3.m15.s15 time ago, current difficulty: 1
2017-Jul-31 15:15:15.474124 INFO [daemon] Core initialized OK
2017-Jul-31 15:15:15.474350 INFO [daemon] Starting core rpc server on address 127.0.0.1:18236
2017-Jul-31 15:15:15.474603 INFO [daemon] Core rpc server started ok
2017-Jul-31 15:15:15.474753 INFO [daemon] Starting p2p net loop...
2017-Jul-31 15:15:15.474873 INFO [node_server] Starting node_server
2017-Jul-31 15:15:16.333442 ERROR [node_server] Failed to connect to any of seed peers, continuing without seeds
2017-Jul-31 15:15:16.333713 INFO [core] 
2017-Jul-31 15:15:16.333713 INFO [core] **********************************************************************
2017-Jul-31 15:15:16.333713 INFO [core] The daemon will start synchronizing with the network. It may take up to several hours.
2017-Jul-31 15:15:16.333713 INFO [core] 
2017-Jul-31 15:15:16.333713 INFO [core] You can set the level of process detailization* through "set_log <level>" command*, where <level> is between 0 (no details) and 4 (very verbose).
2017-Jul-31 15:15:16.333713 INFO [core] 
2017-Jul-31 15:15:16.333713 INFO [core] Use "help" command to see the list of available commands.
2017-Jul-31 15:15:16.333713 INFO [core] 
2017-Jul-31 15:15:16.333713 INFO [core] Note: in case you need to interrupt the process, use "exit" command. Otherwise, the current progress won't be saved.
2017-Jul-31 15:15:16.333713 INFO [core] **********************************************************************
2017-Jul-31 15:15:18.623119 ERROR [node_server] Failed to connect to any of seed peers, continuing without seeds
2017-Jul-31 15:15:19.780690 INFO [node_server] Stop signal sent
2017-Jul-31 15:15:19.781071 INFO [node_server] Stopping NodeServer and it's0 connections...
2017-Jul-31 15:15:19.781503 INFO [node_server] NodeServer loop stopped
2017-Jul-31 15:15:19.781681 INFO [daemon] p2p net loop stopped
2017-Jul-31 15:15:19.781836 INFO [daemon] Stopping core rpc server...
2017-Jul-31 15:15:19.782017 INFO [daemon] Deinitializing core...
2017-Jul-31 15:15:19.782143 INFO [miner] Mining has been stopped, 0 finished
2017-Jul-31 15:15:19.782492 INFO [Blockchain] Saving blockchain...
2017-Jul-31 15:15:19.782726 INFO [BlockCacheSerializer] - saving block index...
2017-Jul-31 15:15:19.782855 INFO [BlockCacheSerializer] - saving transaction map...
2017-Jul-31 15:15:19.782970 INFO [BlockCacheSerializer] - saving spent keys...
2017-Jul-31 15:15:19.783087 INFO [BlockCacheSerializer] - saving outputs...
2017-Jul-31 15:15:19.783203 INFO [BlockCacheSerializer] - saving multi-signature outputs...
2017-Jul-31 15:15:19.783321 INFO [BlockCacheSerializer] Serialization time: 0ms
2017-Jul-31 15:15:19.783500 INFO [Blockchain] Saving blockchain indices...
2017-Jul-31 15:15:19.783679 INFO [BlockchainIndicesSerializer] - saving paymentID index...
2017-Jul-31 15:15:19.783806 INFO [BlockchainIndicesSerializer] - saving timestamp index...
2017-Jul-31 15:15:19.783949 INFO [BlockchainIndicesSerializer] - saving generated transactions index...
2017-Jul-31 15:15:19.784165 INFO [daemon] Deinitializing p2p...
2017-Jul-31 15:15:19.784730 INFO [miner] Mining has been stopped, 0 finished
2017-Jul-31 15:15:19.785364 INFO [daemon] Node stopped.
2017-Jul-31 15:25:48.311688 INFO [daemon] lilycoin v1.1.1.1(0.1-g8edd99830)
2017-Jul-31 15:25:48.312198 INFO [daemon] Module folder: ./lilycoind
2017-Jul-31 15:25:48.313802 INFO [daemon] Initializing p2p server...
2017-Jul-31 15:25:48.314196 INFO [node_server] Binding on 0.0.0.0:17236
2017-Jul-31 15:25:48.314394 INFO [node_server] Net service binded on 0.0.0.0:17236
2017-Jul-31 15:25:48.314534 INFO [node_server] Attempting to add IGD port mapping.
2017-Jul-31 15:25:52.319233 INFO [node_server] No IGD was found.
2017-Jul-31 15:25:52.319540 INFO [daemon] P2p server initialized OK
2017-Jul-31 15:25:52.319856 INFO [daemon] Initializing core...
2017-Jul-31 15:25:52.320386 INFO [Blockchain] Loading blockchain...
2017-Jul-31 15:25:52.320950 INFO [BlockCacheSerializer] - loading block index...
2017-Jul-31 15:25:52.321199 INFO [BlockCacheSerializer] - loading transaction map...
2017-Jul-31 15:25:52.321489 INFO [BlockCacheSerializer] - loading spent keys...
2017-Jul-31 15:25:52.321758 INFO [BlockCacheSerializer] - loading outputs...
2017-Jul-31 15:25:52.321955 INFO [BlockCacheSerializer] - loading multi-signature outputs...
2017-Jul-31 15:25:52.322145 INFO [BlockCacheSerializer] Serialization time: 1ms
2017-Jul-31 15:25:52.322344 INFO [Blockchain] Loading blockchain indices for BlockchainExplorer...
2017-Jul-31 15:25:52.322600 INFO [BlockchainIndicesSerializer] - loading paymentID index...
2017-Jul-31 15:25:52.322751 INFO [BlockchainIndicesSerializer] - loading timestamp index...
2017-Jul-31 15:25:52.322919 INFO [BlockchainIndicesSerializer] - loading generated transactions index...
2017-Jul-31 15:25:52.323158 INFO [Blockchain] Blockchain initialized. last block: 0, d1853.h3.m25.s52 time ago, current difficulty: 1
2017-Jul-31 15:25:52.323320 INFO [daemon] Core initialized OK
2017-Jul-31 15:25:52.323622 INFO [daemon] Starting core rpc server on address 127.0.0.1:18236
2017-Jul-31 15:25:52.323874 INFO [daemon] Core rpc server started ok
2017-Jul-31 15:25:52.324047 INFO [daemon] Starting p2p net loop...
2017-Jul-31 15:25:52.324221 INFO [node_server] Starting node_server
2017-Jul-31 15:25:52.726103 ERROR [node_server] Failed to connect to any of seed peers, continuing without seeds
2017-Jul-31 15:25:52.726347 INFO [core] 
2017-Jul-31 15:25:52.726347 INFO [core] **********************************************************************
2017-Jul-31 15:25:52.726347 INFO [core] The daemon will start synchronizing with the network. It may take up to several hours.
2017-Jul-31 15:25:52.726347 INFO [core] 
2017-Jul-31 15:25:52.726347 INFO [core] You can set the level of process detailization* through "set_log <level>" command*, where <level> is between 0 (no details) and 4 (very verbose).
2017-Jul-31 15:25:52.726347 INFO [core] 
2017-Jul-31 15:25:52.726347 INFO [core] Use "help" command to see the list of available commands.
2017-Jul-31 15:25:52.726347 INFO [core] 
2017-Jul-31 15:25:52.726347 INFO [core] Note: in case you need to interrupt the process, use "exit" command. Otherwise, the current progress won't be saved.
2017-Jul-31 15:25:52.726347 INFO [core] **********************************************************************
2017-Jul-31 15:25:55.114651 ERROR [node_server] Failed to connect to any of seed peers, continuing without seeds
2017-Jul-31 15:25:57.498068 ERROR [node_server] Failed to connect to any of seed peers, continuing without seeds
2017-Jul-31 15:25:59.871727 ERROR [node_server] Failed to connect to any of seed peers, continuing without seeds
2017-Jul-31 15:26:01.137642 INFO [node_server] Stop signal sent
2017-Jul-31 15:26:01.138028 INFO [node_server] Stopping NodeServer and it's0 connections...
2017-Jul-31 15:26:01.139832 INFO [node_server] NodeServer loop stopped
2017-Jul-31 15:26:01.140029 INFO [daemon] p2p net loop stopped
2017-Jul-31 15:26:01.140176 INFO [daemon] Stopping core rpc server...
2017-Jul-31 15:26:01.140423 INFO [daemon] Deinitializing core...
2017-Jul-31 15:26:01.140559 INFO [miner] Mining has been stopped, 0 finished
2017-Jul-31 15:26:01.140984 INFO [Blockchain] Saving blockchain...
2017-Jul-31 15:26:01.141199 INFO [BlockCacheSerializer] - saving block index...
2017-Jul-31 15:26:01.141332 INFO [BlockCacheSerializer] - saving transaction map...
2017-Jul-31 15:26:01.141468 INFO [BlockCacheSerializer] - saving spent keys...
2017-Jul-31 15:26:01.141596 INFO [BlockCacheSerializer] - saving outputs...
2017-Jul-31 15:26:01.141730 INFO [BlockCacheSerializer] - saving multi-signature outputs...
2017-Jul-31 15:26:01.141855 INFO [BlockCacheSerializer] Serialization time: 0ms
2017-Jul-31 15:26:01.142038 INFO [Blockchain] Saving blockchain indices...
2017-Jul-31 15:26:01.142244 INFO [BlockchainIndicesSerializer] - saving paymentID index...
2017-Jul-31 15:26:01.142445 INFO [BlockchainIndicesSerializer] - saving timestamp index...
2017-Jul-31 15:26:01.142572 INFO [BlockchainIndicesSerializer] - saving generated transactions index...
2017-Jul-31 15:26:01.142758 INFO [daemon] Deinitializing p2p...
2017-Jul-31 15:26:01.143163 INFO [miner] Mining has been stopped, 0 finished
2017-Jul-31 15:26:01.143786 INFO [daemon] Node stopped.
